[PREINITIALIZATION][CLIENT][INFO] Current loaders after merging: [[preinit]]
[PREINITIALIZATION][CLIENT][INFO] Loading scripts for loader with names [preinit]
[PREINITIALIZATION][CLIENT][INFO] [preinit | SIDE_CLIENT]: Skipping file {[0:crafttweaker]: lootFromChest.zs} as we are currently loading with a different loader
[PREINITIALIZATION][CLIENT][INFO] [preinit | SIDE_CLIENT]: Skipping file {[0:crafttweaker]: recipes.zs} as we are currently loading with a different loader
[PREINITIALIZATION][CLIENT][INFO] [preinit | SIDE_CLIENT]: Skipping file {[0:crafttweaker]: startingItems.zs} as we are currently loading with a different loader
[PREINITIALIZATION][CLIENT][INFO] Completed script loading in: 3ms
[INITIALIZATION][CLIENT][INFO] CraftTweaker: Building registry
[INITIALIZATION][CLIENT][INFO] CraftTweaker: Successfully built item registry
[INITIALIZATION][CLIENT][INFO] Current loaders after merging: [[preinit], [recipeevent | crafttweaker]]
[INITIALIZATION][CLIENT][INFO] Loading scripts for loader with names [crafttweaker | recipeevent]
[INITIALIZATION][CLIENT][INFO] [crafttweaker | SIDE_CLIENT]: Loading Script: {[0:crafttweaker]: lootFromChest.zs}
[INITIALIZATION][CLIENT][ERROR] lootFromChest.zs:26 > Value already defined in this scope: lostcity_lostcitychest
[INITIALIZATION][CLIENT][INFO] Queuing entry minecraft:saddle for removal from pool main of table
[INITIALIZATION][CLIENT][INFO] Queuing entry minecraft:iron_horse_armor for removal from pool main of table
[INITIALIZATION][CLIENT][INFO] Queuing entry minecraft:golden_horse_armor for removal from pool main of table
[INITIALIZATION][CLIENT][INFO] Queuing entry minecraft:diamond_horse_armor for removal from pool main of table
[INITIALIZATION][CLIENT][INFO] Queuing entry minecraft:saddle for removal from pool main of table
[INITIALIZATION][CLIENT][INFO] Queuing entry minecraft:iron_horse_armor for removal from pool main of table
[INITIALIZATION][CLIENT][INFO] Queuing entry minecraft:golden_horse_armor for removal from pool main of table
[INITIALIZATION][CLIENT][INFO] Queuing entry minecraft:diamond_horse_armor for removal from pool main of table
[INITIALIZATION][CLIENT][INFO] Queuing entry minecraft:saddle for removal from pool main of table
[INITIALIZATION][CLIENT][INFO] Queuing entry minecraft:iron_horse_armor for removal from pool main of table
[INITIALIZATION][CLIENT][INFO] Queuing entry minecraft:golden_horse_armor for removal from pool main of table
[INITIALIZATION][CLIENT][INFO] Queuing entry minecraft:diamond_horse_armor for removal from pool main of table
[INITIALIZATION][CLIENT][INFO] Queuing entry minecraft:saddle for removal from pool main of table
[INITIALIZATION][CLIENT][INFO] Queuing entry minecraft:iron_horse_armor for removal from pool main of table
[INITIALIZATION][CLIENT][INFO] Queuing entry minecraft:golden_horse_armor for removal from pool main of table
[INITIALIZATION][CLIENT][INFO] Queuing entry minecraft:diamond_horse_armor for removal from pool main of table
[INITIALIZATION][CLIENT][INFO] Queuing entry minecraft:saddle for removal from pool main of table
[INITIALIZATION][CLIENT][INFO] Queuing entry minecraft:iron_horse_armor for removal from pool main of table
[INITIALIZATION][CLIENT][INFO] Queuing entry minecraft:golden_horse_armor for removal from pool main of table
[INITIALIZATION][CLIENT][INFO] Queuing entry minecraft:diamond_horse_armor for removal from pool main of table
[INITIALIZATION][CLIENT][INFO] Queuing entry minecraft:saddle for removal from pool main of table
[INITIALIZATION][CLIENT][INFO] Queuing entry minecraft:iron_horse_armor for removal from pool main of table
[INITIALIZATION][CLIENT][INFO] Queuing entry minecraft:golden_horse_armor for removal from pool main of table
[INITIALIZATION][CLIENT][INFO] Queuing entry minecraft:diamond_horse_armor for removal from pool main of table
[INITIALIZATION][CLIENT][INFO] Queuing entry minecraft:saddle for removal from pool main of table
[INITIALIZATION][CLIENT][INFO] Queuing entry minecraft:iron_horse_armor for removal from pool main of table
[INITIALIZATION][CLIENT][INFO] Queuing entry minecraft:golden_horse_armor for removal from pool main of table
[INITIALIZATION][CLIENT][INFO] Queuing entry minecraft:diamond_horse_armor for removal from pool main of table
[INITIALIZATION][CLIENT][INFO] Queuing entry minecraft:saddle for removal from pool main of table
[INITIALIZATION][CLIENT][INFO] Queuing entry minecraft:iron_pickaxe for removal from pool main of table
[INITIALIZATION][CLIENT][INFO] Queuing entry minecraft:iron_pickaxe for removal from pool main of table
[INITIALIZATION][CLIENT][INFO] Queuing entry minecraft:diamond_pickaxe for removal from pool main of table
[INITIALIZATION][CLIENT][INFO] Queuing entry minecraft:iron_pickaxe for removal from pool main of table
[INITIALIZATION][CLIENT][INFO] Queuing entry minecraft:iron_pickaxe for removal from pool main of table
[INITIALIZATION][CLIENT][INFO] Queuing entry minecraft:iron_shovel for removal from pool main of table
[INITIALIZATION][CLIENT][INFO] Queuing entry minecraft:diamond_shovel for removal from pool main of table
[INITIALIZATION][CLIENT][INFO] Queuing entry minecraft:iron_sword for removal from pool main of table
[INITIALIZATION][CLIENT][INFO] Queuing entry minecraft:diamond_sword for removal from pool main of table
[INITIALIZATION][CLIENT][INFO] Queuing entry minecraft:golden_sword for removal from pool main of table
[INITIALIZATION][CLIENT][INFO] Queuing entry minecraft:iron_sword for removal from pool main of table
[INITIALIZATION][CLIENT][INFO] [crafttweaker | SIDE_CLIENT]: Loading Script: {[0:crafttweaker]: recipes.zs}
[INITIALIZATION][CLIENT][ERROR] [crafttweaker | SIDE_CLIENT]: Error parsing recipes.zs:167 -- Invalid expression, last token: ,
[INITIALIZATION][CLIENT][INFO] [crafttweaker | SIDE_CLIENT]: Loading Script: {[0:crafttweaker]: startingItems.zs}
[INITIALIZATION][CLIENT][INFO] Completed script loading in: 231ms
[POSTINITIALIZATION][CLIENT][INFO] Removing recipes for various outputs
[AVAILABLE][CLIENT][INFO] Fixed the RecipeBook
[AVAILABLE][CLIENT][ERROR] No entry with name minecraft:saddle exists in pool main
[AVAILABLE][CLIENT][ERROR] No entry with name minecraft:iron_horse_armor exists in pool main
[AVAILABLE][CLIENT][ERROR] No entry with name minecraft:golden_horse_armor exists in pool main
[AVAILABLE][CLIENT][ERROR] No entry with name minecraft:diamond_horse_armor exists in pool main
[AVAILABLE][CLIENT][INFO] Applied tweaks to table minecraft:chests/stronghold_corridor
[AVAILABLE][CLIENT][INFO] Applied tweaks to table minecraft:chests/simple_dungeon
[AVAILABLE][CLIENT][INFO] Applied tweaks to table minecraft:chests/nether_bridge
[AVAILABLE][CLIENT][INFO] Applied tweaks to table minecraft:chests/igloo_chest
[AVAILABLE][CLIENT][INFO] Applied tweaks to table minecraft:chests/abandoned_mineshaft
[AVAILABLE][CLIENT][INFO] Applied tweaks to table minecraft:chests/stronghold_crossing
[AVAILABLE][CLIENT][INFO] Applied tweaks to table minecraft:chests/jungle_temple
[AVAILABLE][CLIENT][INFO] Applied tweaks to table minecraft:chests/desert_pyramid
[AVAILABLE][CLIENT][INFO] Applied tweaks to table lostcities:chests/lostcitychest
[AVAILABLE][CLIENT][INFO] Applied tweaks to table immersiveengineering:chests/stronghold_library
[AVAILABLE][CLIENT][INFO] Applied tweaks to table minecraft:chests/stronghold_library
[AVAILABLE][CLIENT][INFO] Applied tweaks to table immersiveengineering:chests/village_blacksmith
[AVAILABLE][CLIENT][INFO] Applied tweaks to table minecraft:chests/village_blacksmith
[AVAILABLE][CLIENT][INFO] Applied tweaks to table immersiveengineering:chests/village_blacksmith
[AVAILABLE][CLIENT][INFO] Applied tweaks to table minecraft:chests/jungle_temple_dispenser
[AVAILABLE][CLIENT][INFO] Applied tweaks to table minecraft:chests/woodland_mansion
[AVAILABLE][CLIENT][INFO] Applied tweaks to table immersiveengineering:chests/stronghold_library
[AVAILABLE][CLIENT][INFO] Applied tweaks to table minecraft:chests/end_city_treasure
[AVAILABLE][CLIENT][INFO] Applied tweaks to table minecraft:chests/spawn_bonus_chest
[SERVER_ABOUT_TO_START][SERVER][ERROR] No entry with name minecraft:saddle exists in pool main
[SERVER_ABOUT_TO_START][SERVER][ERROR] No entry with name minecraft:iron_horse_armor exists in pool main
[SERVER_ABOUT_TO_START][SERVER][ERROR] No entry with name minecraft:golden_horse_armor exists in pool main
[SERVER_ABOUT_TO_START][SERVER][ERROR] No entry with name minecraft:diamond_horse_armor exists in pool main
[SERVER_ABOUT_TO_START][SERVER][INFO] Applied tweaks to table minecraft:chests/stronghold_corridor
[SERVER_ABOUT_TO_START][SERVER][INFO] Applied tweaks to table minecraft:chests/simple_dungeon
[SERVER_ABOUT_TO_START][SERVER][INFO] Applied tweaks to table minecraft:chests/nether_bridge
[SERVER_ABOUT_TO_START][SERVER][INFO] Applied tweaks to table minecraft:chests/igloo_chest
[SERVER_ABOUT_TO_START][SERVER][INFO] Applied tweaks to table minecraft:chests/abandoned_mineshaft
[SERVER_ABOUT_TO_START][SERVER][INFO] Applied tweaks to table minecraft:chests/stronghold_crossing
[SERVER_ABOUT_TO_START][SERVER][INFO] Applied tweaks to table minecraft:chests/jungle_temple
[SERVER_ABOUT_TO_START][SERVER][INFO] Applied tweaks to table minecraft:chests/desert_pyramid
[SERVER_ABOUT_TO_START][SERVER][INFO] Applied tweaks to table lostcities:chests/lostcitychest
[SERVER_ABOUT_TO_START][SERVER][INFO] Applied tweaks to table immersiveengineering:chests/stronghold_library
[SERVER_ABOUT_TO_START][SERVER][INFO] Applied tweaks to table minecraft:chests/stronghold_library
[SERVER_ABOUT_TO_START][SERVER][INFO] Applied tweaks to table immersiveengineering:chests/village_blacksmith
[SERVER_ABOUT_TO_START][SERVER][INFO] Applied tweaks to table minecraft:chests/village_blacksmith
[SERVER_ABOUT_TO_START][SERVER][INFO] Applied tweaks to table immersiveengineering:chests/village_blacksmith
[SERVER_ABOUT_TO_START][SERVER][INFO] Applied tweaks to table minecraft:chests/jungle_temple_dispenser
[SERVER_ABOUT_TO_START][SERVER][INFO] Applied tweaks to table minecraft:chests/woodland_mansion
[SERVER_ABOUT_TO_START][SERVER][INFO] Applied tweaks to table immersiveengineering:chests/stronghold_library
[SERVER_ABOUT_TO_START][SERVER][INFO] Applied tweaks to table minecraft:chests/end_city_treasure
[SERVER_ABOUT_TO_START][SERVER][INFO] Applied tweaks to table minecraft:chests/spawn_bonus_chest
[SERVER_STARTED][SERVER][INFO] Loading scripts for loader with names [preinit]
[SERVER_STARTED][SERVER][INFO] Completed script loading in: 0ms
[SERVER_STARTED][SERVER][INFO] Loading scripts for loader with names [crafttweaker | recipeevent]
[SERVER_STARTED][SERVER][INFO] [crafttweaker | SIDE_CLIENT]: Loading Script: {[0:crafttweaker]: lootFromChest.zs}
[SERVER_STARTED][SERVER][ERROR] lootFromChest.zs:26 > Value already defined in this scope: lostcity_lostcitychest
[SERVER_STARTED][SERVER][INFO] [crafttweaker | SIDE_CLIENT]: Loading Script: {[0:crafttweaker]: recipes.zs}
[SERVER_STARTED][SERVER][ERROR] recipes.zs:128 > No such static member in crafttweaker.item.IItemStack: arditeGrit
[SERVER_STARTED][SERVER][ERROR] recipes.zs:129 > No such static member in crafttweaker.item.IItemStack: cobaltGrit
[SERVER_STARTED][SERVER][ERROR] recipes.zs:134 > No such static member in crafttweaker.liquid.ILiquidStack: xyz
[SERVER_STARTED][SERVER][INFO] [crafttweaker | SIDE_CLIENT]: Loading Script: {[0:crafttweaker]: startingItems.zs}
[SERVER_STARTED][SERVER][INFO] Completed script loading in: 85ms
[SERVER_STARTED][SERVER][INFO] Loading scripts for loader with names [preinit]
[SERVER_STARTED][SERVER][INFO] Completed script loading in: 0ms
[SERVER_STARTED][SERVER][INFO] Loading scripts for loader with names [crafttweaker | recipeevent]
[SERVER_STARTED][SERVER][INFO] [crafttweaker | SIDE_CLIENT]: Loading Script: {[0:crafttweaker]: lootFromChest.zs}
[SERVER_STARTED][SERVER][ERROR] lootFromChest.zs:26 > Value already defined in this scope: lostcity_lostcitychest
[SERVER_STARTED][SERVER][INFO] [crafttweaker | SIDE_CLIENT]: Loading Script: {[0:crafttweaker]: recipes.zs}
[SERVER_STARTED][SERVER][ERROR] recipes.zs:131 > No such static member in crafttweaker.item.IItemStack: arditeGrit
[SERVER_STARTED][SERVER][ERROR] recipes.zs:132 > No such static member in crafttweaker.item.IItemStack: cobaltGrit
[SERVER_STARTED][SERVER][INFO] [crafttweaker | SIDE_CLIENT]: Loading Script: {[0:crafttweaker]: startingItems.zs}
[SERVER_STARTED][SERVER][INFO] Completed script loading in: 9ms
[SERVER_STARTED][SERVER][INFO] Loading scripts for loader with names [preinit]
[SERVER_STARTED][SERVER][INFO] Completed script loading in: 0ms
[SERVER_STARTED][SERVER][INFO] Loading scripts for loader with names [crafttweaker | recipeevent]
[SERVER_STARTED][SERVER][INFO] [crafttweaker | SIDE_CLIENT]: Loading Script: {[0:crafttweaker]: lootFromChest.zs}
[SERVER_STARTED][SERVER][ERROR] lootFromChest.zs:26 > Value already defined in this scope: lostcity_lostcitychest
[SERVER_STARTED][SERVER][INFO] [crafttweaker | SIDE_CLIENT]: Loading Script: {[0:crafttweaker]: recipes.zs}
[SERVER_STARTED][SERVER][INFO] [crafttweaker | SIDE_CLIENT]: Loading Script: {[0:crafttweaker]: startingItems.zs}
[SERVER_STARTED][SERVER][INFO] Completed script loading in: 5ms
