[19:57:36] [INFO] ModConfig Loaded: true
[19:57:36] [INFO] JEI: Compost Recipe Pages Loaded:         2
[19:57:36] [INFO] JEI: Fluid Item Transform Recipes Loaded:       22
[19:57:36] [INFO] JEI: Fluid On Top Recipes Loaded:       2
[19:57:36] [INFO] JEI: Fluid Transform Recipes Loaded:    1
[19:57:36] [INFO] JEI: Hammer Recipes Loaded:             41
[19:57:36] [INFO] JEI: Crook Recipes Loaded:              1
[19:57:36] [INFO] JEI: Heat Sources Loaded:             79
[19:57:36] [INFO] JEI: Sieve Recipes Loaded:              44
[19:57:36] [INFO] JEI: Stone Crucible Recipes Loaded:       1
[19:57:36] [INFO] JEI: Wood Crucible Recipes Loaded:        1
[19:57:36] [INFO] Registered Crook Catalyst: enderio:item_dark_steel_crook
[19:57:36] [INFO] Registered Hammer Catalyst: exnihilocreatio:hammer_wood
[19:57:36] [INFO] Registered Hammer Catalyst: exnihilocreatio:hammer_stone
[19:57:36] [INFO] Registered Hammer Catalyst: exnihilocreatio:hammer_iron
[19:57:36] [INFO] Registered Hammer Catalyst: exnihilocreatio:hammer_diamond
[19:57:36] [INFO] Registered Hammer Catalyst: exnihilocreatio:hammer_gold
[19:57:36] [INFO] Registered Crook Catalyst: exnihilocreatio:crook_wood
[19:57:36] [INFO] Registered Crook Catalyst: exnihilocreatio:crook_stone
[19:57:36] [INFO] Registered Crook Catalyst: exnihilocreatio:crook_andesite
[19:57:36] [INFO] Registered Crook Catalyst: exnihilocreatio:crook_granite
[19:57:36] [INFO] Registered Crook Catalyst: exnihilocreatio:crook_diorite
[19:57:36] [INFO] Registered Crook Catalyst: exnihilocreatio:crook_gold
[19:57:36] [INFO] Registered Crook Catalyst: exnihilocreatio:crook_iron
[19:57:36] [INFO] Registered Crook Catalyst: exnihilocreatio:crook_diamond
[19:57:36] [INFO] Registered Crook Catalyst: exnihilocreatio:crook_bone
[19:57:36] [INFO] Registered Crook Catalyst: exnihilocreatio:crook_clay_uncooked
[19:57:36] [INFO] Registered Crook Catalyst: exnihilocreatio:crook_clay
[19:57:36] [INFO] Registered Crook Catalyst: exnihilocreatio:crook_prismarine
[19:57:36] [INFO] Registered Crook Catalyst: exnihilocreatio:crook_netherrack
[19:57:36] [INFO] Registered Crook Catalyst: exnihilocreatio:crook_purpur
[19:57:36] [INFO] Registered Crook Catalyst: exnihilocreatio:crook_blaze
[19:57:36] [INFO] Registered Crook Catalyst: exnihilocreatio:crook_tconstruct
[19:57:36] [INFO] Registered Hammer Catalyst: tcomplement:sledge_hammer
