[18:15:43] [INFO] ModConfig Loaded: true
[18:15:43] [INFO] JEI: Compost Recipe Pages Loaded:         2
[18:15:43] [INFO] JEI: Fluid Item Transform Recipes Loaded:       22
[18:15:44] [INFO] JEI: Fluid On Top Recipes Loaded:       2
[18:15:44] [INFO] JEI: Fluid Transform Recipes Loaded:    1
[18:15:44] [INFO] JEI: Hammer Recipes Loaded:             41
[18:15:44] [INFO] JEI: Crook Recipes Loaded:              1
[18:15:44] [INFO] JEI: Heat Sources Loaded:             79
[18:15:44] [INFO] JEI: Sieve Recipes Loaded:              44
[18:15:44] [INFO] JEI: Stone Crucible Recipes Loaded:       1
[18:15:44] [INFO] JEI: Wood Crucible Recipes Loaded:        1
[18:15:44] [INFO] Registered Crook Catalyst: enderio:item_dark_steel_crook
[18:15:44] [INFO] Registered Hammer Catalyst: exnihilocreatio:hammer_wood
[18:15:44] [INFO] Registered Hammer Catalyst: exnihilocreatio:hammer_stone
[18:15:44] [INFO] Registered Hammer Catalyst: exnihilocreatio:hammer_iron
[18:15:44] [INFO] Registered Hammer Catalyst: exnihilocreatio:hammer_diamond
[18:15:44] [INFO] Registered Hammer Catalyst: exnihilocreatio:hammer_gold
[18:15:44] [INFO] Registered Crook Catalyst: exnihilocreatio:crook_wood
[18:15:44] [INFO] Registered Crook Catalyst: exnihilocreatio:crook_stone
[18:15:44] [INFO] Registered Crook Catalyst: exnihilocreatio:crook_andesite
[18:15:44] [INFO] Registered Crook Catalyst: exnihilocreatio:crook_granite
[18:15:44] [INFO] Registered Crook Catalyst: exnihilocreatio:crook_diorite
[18:15:44] [INFO] Registered Crook Catalyst: exnihilocreatio:crook_gold
[18:15:44] [INFO] Registered Crook Catalyst: exnihilocreatio:crook_iron
[18:15:44] [INFO] Registered Crook Catalyst: exnihilocreatio:crook_diamond
[18:15:44] [INFO] Registered Crook Catalyst: exnihilocreatio:crook_bone
[18:15:44] [INFO] Registered Crook Catalyst: exnihilocreatio:crook_clay_uncooked
[18:15:44] [INFO] Registered Crook Catalyst: exnihilocreatio:crook_clay
[18:15:44] [INFO] Registered Crook Catalyst: exnihilocreatio:crook_prismarine
[18:15:44] [INFO] Registered Crook Catalyst: exnihilocreatio:crook_netherrack
[18:15:44] [INFO] Registered Crook Catalyst: exnihilocreatio:crook_purpur
[18:15:44] [INFO] Registered Crook Catalyst: exnihilocreatio:crook_blaze
[18:15:44] [INFO] Registered Crook Catalyst: exnihilocreatio:crook_tconstruct
[18:15:44] [INFO] Registered Hammer Catalyst: tcomplement:sledge_hammer
