[23:00:15] [INFO] ModConfig Loaded: true
[23:00:15] [INFO] JEI: Compost Recipe Pages Loaded:         2
[23:00:15] [INFO] JEI: Fluid Item Transform Recipes Loaded:       22
[23:00:15] [INFO] JEI: Fluid On Top Recipes Loaded:       2
[23:00:15] [INFO] JEI: Fluid Transform Recipes Loaded:    1
[23:00:15] [INFO] JEI: Hammer Recipes Loaded:             41
[23:00:15] [INFO] JEI: Crook Recipes Loaded:              1
[23:00:15] [INFO] JEI: Heat Sources Loaded:             79
[23:00:15] [INFO] JEI: Sieve Recipes Loaded:              44
[23:00:15] [INFO] JEI: Stone Crucible Recipes Loaded:       1
[23:00:15] [INFO] JEI: Wood Crucible Recipes Loaded:        1
[23:00:15] [INFO] Registered Crook Catalyst: enderio:item_dark_steel_crook
[23:00:15] [INFO] Registered Hammer Catalyst: exnihilocreatio:hammer_wood
[23:00:15] [INFO] Registered Hammer Catalyst: exnihilocreatio:hammer_stone
[23:00:15] [INFO] Registered Hammer Catalyst: exnihilocreatio:hammer_iron
[23:00:15] [INFO] Registered Hammer Catalyst: exnihilocreatio:hammer_diamond
[23:00:15] [INFO] Registered Hammer Catalyst: exnihilocreatio:hammer_gold
[23:00:15] [INFO] Registered Crook Catalyst: exnihilocreatio:crook_wood
[23:00:15] [INFO] Registered Crook Catalyst: exnihilocreatio:crook_stone
[23:00:15] [INFO] Registered Crook Catalyst: exnihilocreatio:crook_andesite
[23:00:15] [INFO] Registered Crook Catalyst: exnihilocreatio:crook_granite
[23:00:15] [INFO] Registered Crook Catalyst: exnihilocreatio:crook_diorite
[23:00:15] [INFO] Registered Crook Catalyst: exnihilocreatio:crook_gold
[23:00:15] [INFO] Registered Crook Catalyst: exnihilocreatio:crook_iron
[23:00:15] [INFO] Registered Crook Catalyst: exnihilocreatio:crook_diamond
[23:00:15] [INFO] Registered Crook Catalyst: exnihilocreatio:crook_bone
[23:00:15] [INFO] Registered Crook Catalyst: exnihilocreatio:crook_clay_uncooked
[23:00:15] [INFO] Registered Crook Catalyst: exnihilocreatio:crook_clay
[23:00:15] [INFO] Registered Crook Catalyst: exnihilocreatio:crook_prismarine
[23:00:15] [INFO] Registered Crook Catalyst: exnihilocreatio:crook_netherrack
[23:00:15] [INFO] Registered Crook Catalyst: exnihilocreatio:crook_purpur
[23:00:15] [INFO] Registered Crook Catalyst: exnihilocreatio:crook_blaze
[23:00:15] [INFO] Registered Crook Catalyst: exnihilocreatio:crook_tconstruct
[23:00:15] [INFO] Registered Hammer Catalyst: tcomplement:sledge_hammer
