[00:32:29] [INFO] ModConfig Loaded: true
[00:32:29] [INFO] JEI: Compost Recipe Pages Loaded:         2
[00:32:29] [INFO] JEI: Fluid Item Transform Recipes Loaded:       22
[00:32:29] [INFO] JEI: Fluid On Top Recipes Loaded:       2
[00:32:29] [INFO] JEI: Fluid Transform Recipes Loaded:    1
[00:32:29] [INFO] JEI: Hammer Recipes Loaded:             41
[00:32:29] [INFO] JEI: Crook Recipes Loaded:              1
[00:32:29] [INFO] JEI: Heat Sources Loaded:             79
[00:32:29] [INFO] JEI: Sieve Recipes Loaded:              44
[00:32:29] [INFO] JEI: Stone Crucible Recipes Loaded:       1
[00:32:29] [INFO] JEI: Wood Crucible Recipes Loaded:        1
[00:32:29] [INFO] Registered Crook Catalyst: enderio:item_dark_steel_crook
[00:32:29] [INFO] Registered Hammer Catalyst: exnihilocreatio:hammer_wood
[00:32:29] [INFO] Registered Hammer Catalyst: exnihilocreatio:hammer_stone
[00:32:29] [INFO] Registered Hammer Catalyst: exnihilocreatio:hammer_iron
[00:32:29] [INFO] Registered Hammer Catalyst: exnihilocreatio:hammer_diamond
[00:32:29] [INFO] Registered Hammer Catalyst: exnihilocreatio:hammer_gold
[00:32:29] [INFO] Registered Crook Catalyst: exnihilocreatio:crook_wood
[00:32:29] [INFO] Registered Crook Catalyst: exnihilocreatio:crook_stone
[00:32:29] [INFO] Registered Crook Catalyst: exnihilocreatio:crook_andesite
[00:32:29] [INFO] Registered Crook Catalyst: exnihilocreatio:crook_granite
[00:32:29] [INFO] Registered Crook Catalyst: exnihilocreatio:crook_diorite
[00:32:29] [INFO] Registered Crook Catalyst: exnihilocreatio:crook_gold
[00:32:29] [INFO] Registered Crook Catalyst: exnihilocreatio:crook_iron
[00:32:29] [INFO] Registered Crook Catalyst: exnihilocreatio:crook_diamond
[00:32:29] [INFO] Registered Crook Catalyst: exnihilocreatio:crook_bone
[00:32:29] [INFO] Registered Crook Catalyst: exnihilocreatio:crook_clay_uncooked
[00:32:29] [INFO] Registered Crook Catalyst: exnihilocreatio:crook_clay
[00:32:29] [INFO] Registered Crook Catalyst: exnihilocreatio:crook_prismarine
[00:32:29] [INFO] Registered Crook Catalyst: exnihilocreatio:crook_netherrack
[00:32:29] [INFO] Registered Crook Catalyst: exnihilocreatio:crook_purpur
[00:32:29] [INFO] Registered Crook Catalyst: exnihilocreatio:crook_blaze
[00:32:29] [INFO] Registered Crook Catalyst: exnihilocreatio:crook_tconstruct
[00:32:29] [INFO] Registered Hammer Catalyst: tcomplement:sledge_hammer
