[16:36:59] [INFO] ModConfig Loaded: true
[16:36:59] [INFO] JEI: Compost Recipe Pages Loaded:         2
[16:36:59] [INFO] JEI: Fluid Item Transform Recipes Loaded:       22
[16:36:59] [INFO] JEI: Fluid On Top Recipes Loaded:       2
[16:36:59] [INFO] JEI: Fluid Transform Recipes Loaded:    1
[16:36:59] [INFO] JEI: Hammer Recipes Loaded:             41
[16:36:59] [INFO] JEI: Crook Recipes Loaded:              1
[16:36:59] [INFO] JEI: Heat Sources Loaded:             79
[16:36:59] [INFO] JEI: Sieve Recipes Loaded:              44
[16:36:59] [INFO] JEI: Stone Crucible Recipes Loaded:       1
[16:36:59] [INFO] JEI: Wood Crucible Recipes Loaded:        1
[16:36:59] [INFO] Registered Crook Catalyst: enderio:item_dark_steel_crook
[16:36:59] [INFO] Registered Hammer Catalyst: exnihilocreatio:hammer_wood
[16:36:59] [INFO] Registered Hammer Catalyst: exnihilocreatio:hammer_stone
[16:36:59] [INFO] Registered Hammer Catalyst: exnihilocreatio:hammer_iron
[16:36:59] [INFO] Registered Hammer Catalyst: exnihilocreatio:hammer_diamond
[16:36:59] [INFO] Registered Hammer Catalyst: exnihilocreatio:hammer_gold
[16:36:59] [INFO] Registered Crook Catalyst: exnihilocreatio:crook_wood
[16:36:59] [INFO] Registered Crook Catalyst: exnihilocreatio:crook_stone
[16:36:59] [INFO] Registered Crook Catalyst: exnihilocreatio:crook_andesite
[16:36:59] [INFO] Registered Crook Catalyst: exnihilocreatio:crook_granite
[16:36:59] [INFO] Registered Crook Catalyst: exnihilocreatio:crook_diorite
[16:36:59] [INFO] Registered Crook Catalyst: exnihilocreatio:crook_gold
[16:36:59] [INFO] Registered Crook Catalyst: exnihilocreatio:crook_iron
[16:36:59] [INFO] Registered Crook Catalyst: exnihilocreatio:crook_diamond
[16:36:59] [INFO] Registered Crook Catalyst: exnihilocreatio:crook_bone
[16:36:59] [INFO] Registered Crook Catalyst: exnihilocreatio:crook_clay_uncooked
[16:36:59] [INFO] Registered Crook Catalyst: exnihilocreatio:crook_clay
[16:36:59] [INFO] Registered Crook Catalyst: exnihilocreatio:crook_prismarine
[16:36:59] [INFO] Registered Crook Catalyst: exnihilocreatio:crook_netherrack
[16:36:59] [INFO] Registered Crook Catalyst: exnihilocreatio:crook_purpur
[16:36:59] [INFO] Registered Crook Catalyst: exnihilocreatio:crook_blaze
[16:36:59] [INFO] Registered Crook Catalyst: exnihilocreatio:crook_tconstruct
[16:36:59] [INFO] Registered Hammer Catalyst: tcomplement:sledge_hammer
