[19:05:08] [WARN] Crucible entry for Oak Sapling with meta 0 already exists, skipping.
[19:05:08] [WARN] Crucible entry for Spruce Sapling with meta 1 already exists, skipping.
[19:05:08] [WARN] Crucible entry for Birch Sapling with meta 2 already exists, skipping.
[19:05:08] [WARN] Crucible entry for Jungle Sapling with meta 3 already exists, skipping.
[19:05:08] [WARN] Crucible entry for Acacia Sapling with meta 4 already exists, skipping.
[19:05:08] [WARN] Crucible entry for Dark Oak Sapling with meta 5 already exists, skipping.
[19:05:17] [INFO] ModConfig Loaded: true
[19:05:17] [INFO] JEI: Compost Recipe Pages Loaded:         2
[19:05:17] [INFO] JEI: Fluid Item Transform Recipes Loaded:       23
[19:05:17] [INFO] JEI: Fluid On Top Recipes Loaded:       2
[19:05:17] [INFO] JEI: Fluid Transform Recipes Loaded:    1
[19:05:17] [INFO] JEI: Hammer Recipes Loaded:             41
[19:05:17] [INFO] JEI: Crook Recipes Loaded:              1
[19:05:17] [INFO] JEI: Heat Sources Loaded:             79
[19:05:17] [INFO] JEI: Sieve Recipes Loaded:              48
[19:05:17] [INFO] JEI: Stone Crucible Recipes Loaded:       1
[19:05:17] [INFO] JEI: Wood Crucible Recipes Loaded:        1
[19:05:17] [INFO] Registered Crook Catalyst: enderio:item_dark_steel_crook
[19:05:17] [INFO] Registered Hammer Catalyst: exnihilocreatio:hammer_wood
[19:05:17] [INFO] Registered Hammer Catalyst: exnihilocreatio:hammer_stone
[19:05:17] [INFO] Registered Hammer Catalyst: exnihilocreatio:hammer_iron
[19:05:17] [INFO] Registered Hammer Catalyst: exnihilocreatio:hammer_diamond
[19:05:17] [INFO] Registered Hammer Catalyst: exnihilocreatio:hammer_gold
[19:05:17] [INFO] Registered Crook Catalyst: exnihilocreatio:crook_wood
[19:05:17] [INFO] Registered Crook Catalyst: exnihilocreatio:crook_stone
[19:05:17] [INFO] Registered Crook Catalyst: exnihilocreatio:crook_andesite
[19:05:17] [INFO] Registered Crook Catalyst: exnihilocreatio:crook_granite
[19:05:17] [INFO] Registered Crook Catalyst: exnihilocreatio:crook_diorite
[19:05:17] [INFO] Registered Crook Catalyst: exnihilocreatio:crook_gold
[19:05:17] [INFO] Registered Crook Catalyst: exnihilocreatio:crook_iron
[19:05:17] [INFO] Registered Crook Catalyst: exnihilocreatio:crook_diamond
[19:05:17] [INFO] Registered Crook Catalyst: exnihilocreatio:crook_bone
[19:05:17] [INFO] Registered Crook Catalyst: exnihilocreatio:crook_clay_uncooked
[19:05:17] [INFO] Registered Crook Catalyst: exnihilocreatio:crook_clay
[19:05:17] [INFO] Registered Crook Catalyst: exnihilocreatio:crook_prismarine
[19:05:17] [INFO] Registered Crook Catalyst: exnihilocreatio:crook_netherrack
[19:05:17] [INFO] Registered Crook Catalyst: exnihilocreatio:crook_purpur
[19:05:17] [INFO] Registered Crook Catalyst: exnihilocreatio:crook_blaze
[19:05:17] [INFO] Registered Crook Catalyst: exnihilocreatio:crook_tconstruct
[19:05:17] [INFO] Registered Hammer Catalyst: tcomplement:sledge_hammer
