[20:21:56] [INFO] ModConfig Loaded: true
[20:21:56] [INFO] JEI: Compost Recipe Pages Loaded:         2
[20:21:56] [INFO] JEI: Fluid Item Transform Recipes Loaded:       22
[20:21:56] [INFO] JEI: Fluid On Top Recipes Loaded:       2
[20:21:56] [INFO] JEI: Fluid Transform Recipes Loaded:    1
[20:21:56] [INFO] JEI: Hammer Recipes Loaded:             41
[20:21:56] [INFO] JEI: Crook Recipes Loaded:              1
[20:21:56] [INFO] JEI: Heat Sources Loaded:             79
[20:21:56] [INFO] JEI: Sieve Recipes Loaded:              44
[20:21:56] [INFO] JEI: Stone Crucible Recipes Loaded:       1
[20:21:56] [INFO] JEI: Wood Crucible Recipes Loaded:        1
[20:21:56] [INFO] Registered Crook Catalyst: enderio:item_dark_steel_crook
[20:21:56] [INFO] Registered Hammer Catalyst: exnihilocreatio:hammer_wood
[20:21:56] [INFO] Registered Hammer Catalyst: exnihilocreatio:hammer_stone
[20:21:56] [INFO] Registered Hammer Catalyst: exnihilocreatio:hammer_iron
[20:21:56] [INFO] Registered Hammer Catalyst: exnihilocreatio:hammer_diamond
[20:21:56] [INFO] Registered Hammer Catalyst: exnihilocreatio:hammer_gold
[20:21:56] [INFO] Registered Crook Catalyst: exnihilocreatio:crook_wood
[20:21:56] [INFO] Registered Crook Catalyst: exnihilocreatio:crook_stone
[20:21:56] [INFO] Registered Crook Catalyst: exnihilocreatio:crook_andesite
[20:21:56] [INFO] Registered Crook Catalyst: exnihilocreatio:crook_granite
[20:21:56] [INFO] Registered Crook Catalyst: exnihilocreatio:crook_diorite
[20:21:56] [INFO] Registered Crook Catalyst: exnihilocreatio:crook_gold
[20:21:56] [INFO] Registered Crook Catalyst: exnihilocreatio:crook_iron
[20:21:56] [INFO] Registered Crook Catalyst: exnihilocreatio:crook_diamond
[20:21:56] [INFO] Registered Crook Catalyst: exnihilocreatio:crook_bone
[20:21:56] [INFO] Registered Crook Catalyst: exnihilocreatio:crook_clay_uncooked
[20:21:56] [INFO] Registered Crook Catalyst: exnihilocreatio:crook_clay
[20:21:56] [INFO] Registered Crook Catalyst: exnihilocreatio:crook_prismarine
[20:21:56] [INFO] Registered Crook Catalyst: exnihilocreatio:crook_netherrack
[20:21:56] [INFO] Registered Crook Catalyst: exnihilocreatio:crook_purpur
[20:21:56] [INFO] Registered Crook Catalyst: exnihilocreatio:crook_blaze
[20:21:56] [INFO] Registered Crook Catalyst: exnihilocreatio:crook_tconstruct
[20:21:56] [INFO] Registered Hammer Catalyst: tcomplement:sledge_hammer
