[15:25:26] [INFO] ModConfig Loaded: true
[15:25:26] [INFO] JEI: Compost Recipe Pages Loaded:         2
[15:25:26] [INFO] JEI: Fluid Item Transform Recipes Loaded:       22
[15:25:26] [INFO] JEI: Fluid On Top Recipes Loaded:       2
[15:25:26] [INFO] JEI: Fluid Transform Recipes Loaded:    1
[15:25:26] [INFO] JEI: Hammer Recipes Loaded:             41
[15:25:26] [INFO] JEI: Crook Recipes Loaded:              1
[15:25:26] [INFO] JEI: Heat Sources Loaded:             79
[15:25:26] [INFO] JEI: Sieve Recipes Loaded:              44
[15:25:26] [INFO] JEI: Stone Crucible Recipes Loaded:       1
[15:25:26] [INFO] JEI: Wood Crucible Recipes Loaded:        1
[15:25:26] [INFO] Registered Crook Catalyst: enderio:item_dark_steel_crook
[15:25:26] [INFO] Registered Hammer Catalyst: exnihilocreatio:hammer_wood
[15:25:26] [INFO] Registered Hammer Catalyst: exnihilocreatio:hammer_stone
[15:25:26] [INFO] Registered Hammer Catalyst: exnihilocreatio:hammer_iron
[15:25:26] [INFO] Registered Hammer Catalyst: exnihilocreatio:hammer_diamond
[15:25:26] [INFO] Registered Hammer Catalyst: exnihilocreatio:hammer_gold
[15:25:26] [INFO] Registered Crook Catalyst: exnihilocreatio:crook_wood
[15:25:26] [INFO] Registered Crook Catalyst: exnihilocreatio:crook_stone
[15:25:26] [INFO] Registered Crook Catalyst: exnihilocreatio:crook_andesite
[15:25:26] [INFO] Registered Crook Catalyst: exnihilocreatio:crook_granite
[15:25:26] [INFO] Registered Crook Catalyst: exnihilocreatio:crook_diorite
[15:25:26] [INFO] Registered Crook Catalyst: exnihilocreatio:crook_gold
[15:25:26] [INFO] Registered Crook Catalyst: exnihilocreatio:crook_iron
[15:25:26] [INFO] Registered Crook Catalyst: exnihilocreatio:crook_diamond
[15:25:26] [INFO] Registered Crook Catalyst: exnihilocreatio:crook_bone
[15:25:26] [INFO] Registered Crook Catalyst: exnihilocreatio:crook_clay_uncooked
[15:25:26] [INFO] Registered Crook Catalyst: exnihilocreatio:crook_clay
[15:25:26] [INFO] Registered Crook Catalyst: exnihilocreatio:crook_prismarine
[15:25:26] [INFO] Registered Crook Catalyst: exnihilocreatio:crook_netherrack
[15:25:26] [INFO] Registered Crook Catalyst: exnihilocreatio:crook_purpur
[15:25:26] [INFO] Registered Crook Catalyst: exnihilocreatio:crook_blaze
[15:25:26] [INFO] Registered Crook Catalyst: exnihilocreatio:crook_tconstruct
[15:25:26] [INFO] Registered Hammer Catalyst: tcomplement:sledge_hammer
