[17:09:47] [INFO] ModConfig Loaded: true
[17:09:47] [INFO] JEI: Compost Recipe Pages Loaded:         2
[17:09:47] [INFO] JEI: Fluid Item Transform Recipes Loaded:       22
[17:09:47] [INFO] JEI: Fluid On Top Recipes Loaded:       2
[17:09:47] [INFO] JEI: Fluid Transform Recipes Loaded:    1
[17:09:47] [INFO] JEI: Hammer Recipes Loaded:             41
[17:09:47] [INFO] JEI: Crook Recipes Loaded:              1
[17:09:47] [INFO] JEI: Heat Sources Loaded:             79
[17:09:47] [INFO] JEI: Sieve Recipes Loaded:              44
[17:09:47] [INFO] JEI: Stone Crucible Recipes Loaded:       1
[17:09:47] [INFO] JEI: Wood Crucible Recipes Loaded:        1
[17:09:47] [INFO] Registered Crook Catalyst: enderio:item_dark_steel_crook
[17:09:47] [INFO] Registered Hammer Catalyst: exnihilocreatio:hammer_wood
[17:09:47] [INFO] Registered Hammer Catalyst: exnihilocreatio:hammer_stone
[17:09:47] [INFO] Registered Hammer Catalyst: exnihilocreatio:hammer_iron
[17:09:47] [INFO] Registered Hammer Catalyst: exnihilocreatio:hammer_diamond
[17:09:47] [INFO] Registered Hammer Catalyst: exnihilocreatio:hammer_gold
[17:09:47] [INFO] Registered Crook Catalyst: exnihilocreatio:crook_wood
[17:09:47] [INFO] Registered Crook Catalyst: exnihilocreatio:crook_stone
[17:09:47] [INFO] Registered Crook Catalyst: exnihilocreatio:crook_andesite
[17:09:47] [INFO] Registered Crook Catalyst: exnihilocreatio:crook_granite
[17:09:47] [INFO] Registered Crook Catalyst: exnihilocreatio:crook_diorite
[17:09:47] [INFO] Registered Crook Catalyst: exnihilocreatio:crook_gold
[17:09:47] [INFO] Registered Crook Catalyst: exnihilocreatio:crook_iron
[17:09:47] [INFO] Registered Crook Catalyst: exnihilocreatio:crook_diamond
[17:09:47] [INFO] Registered Crook Catalyst: exnihilocreatio:crook_bone
[17:09:47] [INFO] Registered Crook Catalyst: exnihilocreatio:crook_clay_uncooked
[17:09:47] [INFO] Registered Crook Catalyst: exnihilocreatio:crook_clay
[17:09:47] [INFO] Registered Crook Catalyst: exnihilocreatio:crook_prismarine
[17:09:47] [INFO] Registered Crook Catalyst: exnihilocreatio:crook_netherrack
[17:09:47] [INFO] Registered Crook Catalyst: exnihilocreatio:crook_purpur
[17:09:47] [INFO] Registered Crook Catalyst: exnihilocreatio:crook_blaze
[17:09:47] [INFO] Registered Crook Catalyst: exnihilocreatio:crook_tconstruct
[17:09:47] [INFO] Registered Hammer Catalyst: tcomplement:sledge_hammer
