[21:59:48] [INFO] ModConfig Loaded: true
[21:59:48] [INFO] JEI: Compost Recipe Pages Loaded:         2
[21:59:48] [INFO] JEI: Fluid Item Transform Recipes Loaded:       22
[21:59:48] [INFO] JEI: Fluid On Top Recipes Loaded:       2
[21:59:48] [INFO] JEI: Fluid Transform Recipes Loaded:    1
[21:59:48] [INFO] JEI: Hammer Recipes Loaded:             41
[21:59:48] [INFO] JEI: Crook Recipes Loaded:              1
[21:59:48] [INFO] JEI: Heat Sources Loaded:             79
[21:59:48] [INFO] JEI: Sieve Recipes Loaded:              44
[21:59:48] [INFO] JEI: Stone Crucible Recipes Loaded:       1
[21:59:48] [INFO] JEI: Wood Crucible Recipes Loaded:        1
[21:59:48] [INFO] Registered Crook Catalyst: enderio:item_dark_steel_crook
[21:59:48] [INFO] Registered Hammer Catalyst: exnihilocreatio:hammer_wood
[21:59:48] [INFO] Registered Hammer Catalyst: exnihilocreatio:hammer_stone
[21:59:48] [INFO] Registered Hammer Catalyst: exnihilocreatio:hammer_iron
[21:59:48] [INFO] Registered Hammer Catalyst: exnihilocreatio:hammer_diamond
[21:59:48] [INFO] Registered Hammer Catalyst: exnihilocreatio:hammer_gold
[21:59:48] [INFO] Registered Crook Catalyst: exnihilocreatio:crook_wood
[21:59:48] [INFO] Registered Crook Catalyst: exnihilocreatio:crook_stone
[21:59:48] [INFO] Registered Crook Catalyst: exnihilocreatio:crook_andesite
[21:59:48] [INFO] Registered Crook Catalyst: exnihilocreatio:crook_granite
[21:59:48] [INFO] Registered Crook Catalyst: exnihilocreatio:crook_diorite
[21:59:48] [INFO] Registered Crook Catalyst: exnihilocreatio:crook_gold
[21:59:48] [INFO] Registered Crook Catalyst: exnihilocreatio:crook_iron
[21:59:48] [INFO] Registered Crook Catalyst: exnihilocreatio:crook_diamond
[21:59:48] [INFO] Registered Crook Catalyst: exnihilocreatio:crook_bone
[21:59:48] [INFO] Registered Crook Catalyst: exnihilocreatio:crook_clay_uncooked
[21:59:48] [INFO] Registered Crook Catalyst: exnihilocreatio:crook_clay
[21:59:48] [INFO] Registered Crook Catalyst: exnihilocreatio:crook_prismarine
[21:59:48] [INFO] Registered Crook Catalyst: exnihilocreatio:crook_netherrack
[21:59:48] [INFO] Registered Crook Catalyst: exnihilocreatio:crook_purpur
[21:59:48] [INFO] Registered Crook Catalyst: exnihilocreatio:crook_blaze
[21:59:48] [INFO] Registered Crook Catalyst: exnihilocreatio:crook_tconstruct
[21:59:48] [INFO] Registered Hammer Catalyst: tcomplement:sledge_hammer
